
开始复制...
已成功将 1000 行大容量复制到主文件。总共接收到: 1000
已成功将 1000 行大容量复制到主文件。总共接收到: 2000
已成功将 1000 行大容量复制到主文件。总共接收到: 3000
已成功将 1000 行大容量复制到主文件。总共接收到: 4000
已成功将 1000 行大容量复制到主文件。总共接收到: 5000
已成功将 1000 行大容量复制到主文件。总共接收到: 6000
已成功将 1000 行大容量复制到主文件。总共接收到: 7000
已成功将 1000 行大容量复制到主文件。总共接收到: 8000
已成功将 1000 行大容量复制到主文件。总共接收到: 9000
已成功将 1000 行大容量复制到主文件。总共接收到: 10000
已成功将 1000 行大容量复制到主文件。总共接收到: 11000
已成功将 1000 行大容量复制到主文件。总共接收到: 12000
已成功将 1000 行大容量复制到主文件。总共接收到: 13000
已成功将 1000 行大容量复制到主文件。总共接收到: 14000
已成功将 1000 行大容量复制到主文件。总共接收到: 15000
已成功将 1000 行大容量复制到主文件。总共接收到: 16000
已成功将 1000 行大容量复制到主文件。总共接收到: 17000
已成功将 1000 行大容量复制到主文件。总共接收到: 18000
已成功将 1000 行大容量复制到主文件。总共接收到: 19000
已成功将 1000 行大容量复制到主文件。总共接收到: 20000
已成功将 1000 行大容量复制到主文件。总共接收到: 21000
已成功将 1000 行大容量复制到主文件。总共接收到: 22000
已成功将 1000 行大容量复制到主文件。总共接收到: 23000
已成功将 1000 行大容量复制到主文件。总共接收到: 24000
已成功将 1000 行大容量复制到主文件。总共接收到: 25000
已成功将 1000 行大容量复制到主文件。总共接收到: 26000
已成功将 1000 行大容量复制到主文件。总共接收到: 27000
已成功将 1000 行大容量复制到主文件。总共接收到: 28000
已成功将 1000 行大容量复制到主文件。总共接收到: 29000
已成功将 1000 行大容量复制到主文件。总共接收到: 30000
已成功将 1000 行大容量复制到主文件。总共接收到: 31000
已成功将 1000 行大容量复制到主文件。总共接收到: 32000
已成功将 1000 行大容量复制到主文件。总共接收到: 33000
已成功将 1000 行大容量复制到主文件。总共接收到: 34000
已成功将 1000 行大容量复制到主文件。总共接收到: 35000
已成功将 1000 行大容量复制到主文件。总共接收到: 36000

已复制 36179 行。
网络数据包大小(字节): 4096
总时钟时间(毫秒)     : 2734   平均值: (每秒 13232.99 行。)
